<?xml version="1.0" encoding="UTF-8"?>
<testsuite xmlns:xsi="http://www.w3.org/2001/XMLSchema-instance" xsi:noNamespaceSchemaLocation="https://maven.apache.org/surefire/maven-surefire-plugin/xsd/surefire-test-report.xsd" name="Lab1MV.AppTest" time="0.226" tests="10" errors="0" skipped="0" failures="0">
  <properties>
[...]
</properties>
  <testcase name="shouldAnswerWithTrue" classname="Lab1MV.AppTest" time="0.001"/>
  <testcase name="addHomeworkTest" classname="Lab1MV.AppTest" time="0.15"/>
  <testcase name="addStudentTest" classname="Lab1MV.AppTest" time="0.012"/>
  <testcase name="addStudentWithNullIDTest" classname="Lab1MV.AppTest" time="0.005"/>
  <testcase name="addHomeworkWithEmptyIDTest" classname="Lab1MV.AppTest" time="0.005"/>
  <testcase name="addStudentWithEmptyNameTest" classname="Lab1MV.AppTest" time="0.002"/>
  <testcase name="studentNameTest" classname="Lab1MV.AppTest" time="0"/>
  <testcase name="addHomeworkWithNullIDTest" classname="Lab1MV.AppTest" time="0.009"/>
  <testcase name="addStudentWithNullNameTest" classname="Lab1MV.AppTest" time="0.005"/>
  <testcase name="addStudentWithEmptyIDTest" classname="Lab1MV.AppTest" time="0.004"/>
</testsuite>